{"C:\\Users\\SAPTA-AI\\Desktop\\PROJECTS\\ecommerce\\configs\\db.config.js": {"path":"C:\\Users\\SAPTA-AI\\Desktop\\PROJECTS\\ecommerce\\configs\\db.config.js","statementMap":{"0":{"start":{"line":5,"column":0},"end":{"line":17,"column":1}}},"fnMap":{},"branchMap":{},"s":{"0":2},"f":{},"b":{},"_coverageSchema":"1a1c01bbd47fc00a2c39e90264f33305004495a9","hash":"63c8e9969cf9341b0b3c56d83f8f34d765a2e83f"}
,"C:\\Users\\SAPTA-AI\\Desktop\\PROJECTS\\ecommerce\\configs\\secret.config.js": {"path":"C:\\Users\\SAPTA-AI\\Desktop\\PROJECTS\\ecommerce\\configs\\secret.config.js","statementMap":{"0":{"start":{"line":1,"column":0},"end":{"line":3,"column":1}}},"fnMap":{},"branchMap":{},"s":{"0":1},"f":{},"b":{},"_coverageSchema":"1a1c01bbd47fc00a2c39e90264f33305004495a9","hash":"bf73fa5c5c425c4d6492058513d5c3f386be79fb"}
,"C:\\Users\\SAPTA-AI\\Desktop\\PROJECTS\\ecommerce\\controllers\\auth.controller.js": {"path":"C:\\Users\\SAPTA-AI\\Desktop\\PROJECTS\\ecommerce\\controllers\\auth.controller.js","statementMap":{"0":{"start":{"line":5,"column":15},"end":{"line":5,"column":34}},"1":{"start":{"line":9,"column":11},"end":{"line":9,"column":31}},"2":{"start":{"line":11,"column":13},"end":{"line":11,"column":20}},"3":{"start":{"line":12,"column":13},"end":{"line":12,"column":20}},"4":{"start":{"line":14,"column":11},"end":{"line":14,"column":26}},"5":{"start":{"line":16,"column":12},"end":{"line":16,"column":35}},"6":{"start":{"line":18,"column":18},"end":{"line":18,"column":53}},"7":{"start":{"line":23,"column":0},"end":{"line":102,"column":1}},"8":{"start":{"line":26,"column":20},"end":{"line":30,"column":5}},"9":{"start":{"line":33,"column":4},"end":{"line":100,"column":6}},"10":{"start":{"line":34,"column":8},"end":{"line":34,"column":36}},"11":{"start":{"line":37,"column":8},"end":{"line":94,"column":9}},"12":{"start":{"line":42,"column":12},"end":{"line":64,"column":14}},"13":{"start":{"line":52,"column":16},"end":{"line":57,"column":18}},"14":{"start":{"line":53,"column":20},"end":{"line":53,"column":77}},"15":{"start":{"line":54,"column":20},"end":{"line":56,"column":22}},"16":{"start":{"line":60,"column":16},"end":{"line":60,"column":60}},"17":{"start":{"line":61,"column":16},"end":{"line":63,"column":18}},"18":{"start":{"line":87,"column":12},"end":{"line":93,"column":14}},"19":{"start":{"line":88,"column":16},"end":{"line":88,"column":54}},"20":{"start":{"line":90,"column":16},"end":{"line":92,"column":18}},"21":{"start":{"line":96,"column":8},"end":{"line":96,"column":63}},"22":{"start":{"line":97,"column":8},"end":{"line":99,"column":10}},"23":{"start":{"line":108,"column":0},"end":{"line":169,"column":1}},"24":{"start":{"line":111,"column":4},"end":{"line":168,"column":6}},"25":{"start":{"line":116,"column":8},"end":{"line":116,"column":37}},"26":{"start":{"line":117,"column":8},"end":{"line":122,"column":9}},"27":{"start":{"line":118,"column":12},"end":{"line":120,"column":14}},"28":{"start":{"line":121,"column":12},"end":{"line":121,"column":19}},"29":{"start":{"line":125,"column":30},"end":{"line":128,"column":9}},"30":{"start":{"line":130,"column":8},"end":{"line":136,"column":9}},"31":{"start":{"line":131,"column":12},"end":{"line":134,"column":15}},"32":{"start":{"line":135,"column":12},"end":{"line":135,"column":19}},"33":{"start":{"line":141,"column":20},"end":{"line":143,"column":10}},"34":{"start":{"line":149,"column":26},"end":{"line":149,"column":28}},"35":{"start":{"line":150,"column":8},"end":{"line":162,"column":11}},"36":{"start":{"line":152,"column":12},"end":{"line":154,"column":13}},"37":{"start":{"line":153,"column":16},"end":{"line":153,"column":72}},"38":{"start":{"line":155,"column":12},"end":{"line":161,"column":15}},"39":{"start":{"line":165,"column":8},"end":{"line":167,"column":10}}},"fnMap":{"0":{"name":"(anonymous_0)","decl":{"start":{"line":23,"column":17},"end":{"line":23,"column":18}},"loc":{"start":{"line":23,"column":31},"end":{"line":102,"column":1}},"line":23},"1":{"name":"(anonymous_1)","decl":{"start":{"line":33,"column":30},"end":{"line":33,"column":31}},"loc":{"start":{"line":33,"column":38},"end":{"line":95,"column":5}},"line":33},"2":{"name":"(anonymous_2)","decl":{"start":{"line":49,"column":20},"end":{"line":49,"column":21}},"loc":{"start":{"line":49,"column":29},"end":{"line":59,"column":13}},"line":49},"3":{"name":"(anonymous_3)","decl":{"start":{"line":52,"column":42},"end":{"line":52,"column":43}},"loc":{"start":{"line":52,"column":48},"end":{"line":57,"column":17}},"line":52},"4":{"name":"(anonymous_4)","decl":{"start":{"line":59,"column":21},"end":{"line":59,"column":22}},"loc":{"start":{"line":59,"column":28},"end":{"line":64,"column":13}},"line":59},"5":{"name":"(anonymous_5)","decl":{"start":{"line":87,"column":36},"end":{"line":87,"column":37}},"loc":{"start":{"line":87,"column":42},"end":{"line":93,"column":13}},"line":87},"6":{"name":"(anonymous_6)","decl":{"start":{"line":95,"column":13},"end":{"line":95,"column":14}},"loc":{"start":{"line":95,"column":20},"end":{"line":100,"column":5}},"line":95},"7":{"name":"(anonymous_7)","decl":{"start":{"line":108,"column":17},"end":{"line":108,"column":18}},"loc":{"start":{"line":108,"column":31},"end":{"line":169,"column":1}},"line":108},"8":{"name":"(anonymous_8)","decl":{"start":{"line":115,"column":12},"end":{"line":115,"column":13}},"loc":{"start":{"line":115,"column":20},"end":{"line":164,"column":5}},"line":115},"9":{"name":"(anonymous_9)","decl":{"start":{"line":150,"column":29},"end":{"line":150,"column":30}},"loc":{"start":{"line":150,"column":38},"end":{"line":162,"column":9}},"line":150},"10":{"name":"(anonymous_10)","decl":{"start":{"line":164,"column":13},"end":{"line":164,"column":14}},"loc":{"start":{"line":164,"column":20},"end":{"line":168,"column":5}},"line":164}},"branchMap":{"0":{"loc":{"start":{"line":37,"column":8},"end":{"line":94,"column":9}},"type":"if","locations":[{"start":{"line":37,"column":8},"end":{"line":94,"column":9}},{"start":{"line":65,"column":15},"end":{"line":94,"column":9}}],"line":37},"1":{"loc":{"start":{"line":117,"column":8},"end":{"line":122,"column":9}},"type":"if","locations":[{"start":{"line":117,"column":8},"end":{"line":122,"column":9}},{"start":{},"end":{}}],"line":117},"2":{"loc":{"start":{"line":130,"column":8},"end":{"line":136,"column":9}},"type":"if","locations":[{"start":{"line":130,"column":8},"end":{"line":136,"column":9}},{"start":{},"end":{}}],"line":130}},"s":{"0":1,"1":1,"2":1,"3":1,"4":1,"5":1,"6":1,"7":1,"8":1,"9":1,"10":1,"11":1,"12":1,"13":1,"14":1,"15":1,"16":0,"17":0,"18":0,"19":0,"20":0,"21":0,"22":0,"23":1,"24":0,"25":0,"26":0,"27":0,"28":0,"29":0,"30":0,"31":0,"32":0,"33":0,"34":0,"35":0,"36":0,"37":0,"38":0,"39":0},"f":{"0":1,"1":1,"2":1,"3":1,"4":0,"5":0,"6":0,"7":0,"8":0,"9":0,"10":0},"b":{"0":[1,0],"1":[0,0],"2":[0,0]},"_coverageSchema":"1a1c01bbd47fc00a2c39e90264f33305004495a9","hash":"8c656f06de75490a6e103624150850113b4ba2db"}
,"C:\\Users\\SAPTA-AI\\Desktop\\PROJECTS\\ecommerce\\controllers\\category.controller.js": {"path":"C:\\Users\\SAPTA-AI\\Desktop\\PROJECTS\\ecommerce\\controllers\\category.controller.js","statementMap":{"0":{"start":{"line":11,"column":14},"end":{"line":11,"column":34}},"1":{"start":{"line":12,"column":17},"end":{"line":12,"column":31}},"2":{"start":{"line":14,"column":0},"end":{"line":36,"column":2}},"3":{"start":{"line":20,"column":21},"end":{"line":23,"column":5}},"4":{"start":{"line":27,"column":4},"end":{"line":35,"column":7}},"5":{"start":{"line":28,"column":8},"end":{"line":28,"column":79}},"6":{"start":{"line":29,"column":8},"end":{"line":29,"column":39}},"7":{"start":{"line":31,"column":8},"end":{"line":31,"column":113}},"8":{"start":{"line":32,"column":8},"end":{"line":34,"column":11}},"9":{"start":{"line":41,"column":0},"end":{"line":81,"column":2}},"10":{"start":{"line":56,"column":25},"end":{"line":56,"column":39}},"11":{"start":{"line":63,"column":4},"end":{"line":71,"column":5}},"12":{"start":{"line":64,"column":8},"end":{"line":68,"column":11}},"13":{"start":{"line":70,"column":8},"end":{"line":70,"column":37}},"14":{"start":{"line":74,"column":4},"end":{"line":80,"column":7}},"15":{"start":{"line":75,"column":8},"end":{"line":75,"column":40}},"16":{"start":{"line":77,"column":8},"end":{"line":79,"column":11}},"17":{"start":{"line":89,"column":0},"end":{"line":99,"column":2}},"18":{"start":{"line":90,"column":23},"end":{"line":90,"column":36}},"19":{"start":{"line":92,"column":4},"end":{"line":98,"column":6}},"20":{"start":{"line":93,"column":8},"end":{"line":93,"column":39}},"21":{"start":{"line":95,"column":8},"end":{"line":97,"column":10}},"22":{"start":{"line":108,"column":0},"end":{"line":146,"column":2}},"23":{"start":{"line":112,"column":10},"end":{"line":115,"column":5}},"24":{"start":{"line":120,"column":23},"end":{"line":120,"column":36}},"25":{"start":{"line":126,"column":4},"end":{"line":145,"column":7}},"26":{"start":{"line":133,"column":8},"end":{"line":139,"column":11}},"27":{"start":{"line":134,"column":12},"end":{"line":134,"column":46}},"28":{"start":{"line":136,"column":12},"end":{"line":138,"column":15}},"29":{"start":{"line":142,"column":8},"end":{"line":144,"column":11}},"30":{"start":{"line":152,"column":0},"end":{"line":168,"column":1}},"31":{"start":{"line":153,"column":23},"end":{"line":153,"column":36}},"32":{"start":{"line":155,"column":4},"end":{"line":167,"column":6}},"33":{"start":{"line":160,"column":8},"end":{"line":162,"column":10}},"34":{"start":{"line":164,"column":8},"end":{"line":166,"column":10}}},"fnMap":{"0":{"name":"(anonymous_0)","decl":{"start":{"line":14,"column":17},"end":{"line":14,"column":18}},"loc":{"start":{"line":14,"column":31},"end":{"line":36,"column":1}},"line":14},"1":{"name":"(anonymous_1)","decl":{"start":{"line":27,"column":35},"end":{"line":27,"column":36}},"loc":{"start":{"line":27,"column":47},"end":{"line":30,"column":5}},"line":27},"2":{"name":"(anonymous_2)","decl":{"start":{"line":30,"column":13},"end":{"line":30,"column":14}},"loc":{"start":{"line":30,"column":20},"end":{"line":35,"column":5}},"line":30},"3":{"name":"(anonymous_3)","decl":{"start":{"line":41,"column":18},"end":{"line":41,"column":19}},"loc":{"start":{"line":41,"column":32},"end":{"line":81,"column":1}},"line":41},"4":{"name":"(anonymous_4)","decl":{"start":{"line":74,"column":17},"end":{"line":74,"column":18}},"loc":{"start":{"line":74,"column":31},"end":{"line":76,"column":5}},"line":74},"5":{"name":"(anonymous_5)","decl":{"start":{"line":76,"column":13},"end":{"line":76,"column":14}},"loc":{"start":{"line":76,"column":19},"end":{"line":80,"column":5}},"line":76},"6":{"name":"(anonymous_6)","decl":{"start":{"line":89,"column":18},"end":{"line":89,"column":19}},"loc":{"start":{"line":89,"column":32},"end":{"line":99,"column":1}},"line":89},"7":{"name":"(anonymous_7)","decl":{"start":{"line":92,"column":39},"end":{"line":92,"column":40}},"loc":{"start":{"line":92,"column":51},"end":{"line":94,"column":5}},"line":92},"8":{"name":"(anonymous_8)","decl":{"start":{"line":94,"column":13},"end":{"line":94,"column":14}},"loc":{"start":{"line":94,"column":20},"end":{"line":98,"column":5}},"line":94},"9":{"name":"(anonymous_9)","decl":{"start":{"line":108,"column":17},"end":{"line":108,"column":18}},"loc":{"start":{"line":108,"column":31},"end":{"line":146,"column":1}},"line":108},"10":{"name":"(anonymous_10)","decl":{"start":{"line":129,"column":12},"end":{"line":129,"column":13}},"loc":{"start":{"line":129,"column":18},"end":{"line":141,"column":5}},"line":129},"11":{"name":"(anonymous_11)","decl":{"start":{"line":133,"column":43},"end":{"line":133,"column":44}},"loc":{"start":{"line":133,"column":58},"end":{"line":135,"column":9}},"line":133},"12":{"name":"(anonymous_12)","decl":{"start":{"line":135,"column":17},"end":{"line":135,"column":18}},"loc":{"start":{"line":135,"column":24},"end":{"line":139,"column":9}},"line":135},"13":{"name":"(anonymous_13)","decl":{"start":{"line":141,"column":13},"end":{"line":141,"column":14}},"loc":{"start":{"line":141,"column":20},"end":{"line":145,"column":5}},"line":141},"14":{"name":"(anonymous_14)","decl":{"start":{"line":152,"column":17},"end":{"line":152,"column":18}},"loc":{"start":{"line":152,"column":31},"end":{"line":168,"column":1}},"line":152},"15":{"name":"(anonymous_15)","decl":{"start":{"line":159,"column":12},"end":{"line":159,"column":13}},"loc":{"start":{"line":159,"column":18},"end":{"line":163,"column":5}},"line":159},"16":{"name":"(anonymous_16)","decl":{"start":{"line":163,"column":13},"end":{"line":163,"column":14}},"loc":{"start":{"line":163,"column":20},"end":{"line":167,"column":5}},"line":163}},"branchMap":{"0":{"loc":{"start":{"line":63,"column":4},"end":{"line":71,"column":5}},"type":"if","locations":[{"start":{"line":63,"column":4},"end":{"line":71,"column":5}},{"start":{"line":69,"column":11},"end":{"line":71,"column":5}}],"line":63}},"s":{"0":1,"1":1,"2":1,"3":2,"4":2,"5":1,"6":1,"7":1,"8":1,"9":1,"10":2,"11":2,"12":2,"13":0,"14":2,"15":2,"16":0,"17":1,"18":0,"19":0,"20":0,"21":0,"22":1,"23":1,"24":1,"25":1,"26":1,"27":1,"28":0,"29":0,"30":1,"31":0,"32":0,"33":0,"34":0},"f":{"0":2,"1":1,"2":1,"3":2,"4":2,"5":0,"6":0,"7":0,"8":0,"9":1,"10":1,"11":1,"12":0,"13":0,"14":0,"15":0,"16":0},"b":{"0":[2,0]},"_coverageSchema":"1a1c01bbd47fc00a2c39e90264f33305004495a9","hash":"e33198e63b51cce730042682e78eecfc797c016f"}
,"C:\\Users\\SAPTA-AI\\Desktop\\PROJECTS\\ecommerce\\models\\cart.model.js": {"path":"C:\\Users\\SAPTA-AI\\Desktop\\PROJECTS\\ecommerce\\models\\cart.model.js","statementMap":{"0":{"start":{"line":5,"column":0},"end":{"line":19,"column":1}},"1":{"start":{"line":7,"column":17},"end":{"line":16,"column":6}},"2":{"start":{"line":18,"column":4},"end":{"line":18,"column":16}}},"fnMap":{"0":{"name":"(anonymous_0)","decl":{"start":{"line":5,"column":17},"end":{"line":5,"column":18}},"loc":{"start":{"line":5,"column":43},"end":{"line":19,"column":1}},"line":5}},"branchMap":{},"s":{"0":2,"1":2,"2":2},"f":{"0":2},"b":{},"_coverageSchema":"1a1c01bbd47fc00a2c39e90264f33305004495a9","hash":"4c43915900adb3a7d5cb323e20994ec1f26e0e6b"}
,"C:\\Users\\SAPTA-AI\\Desktop\\PROJECTS\\ecommerce\\models\\category.model.js": {"path":"C:\\Users\\SAPTA-AI\\Desktop\\PROJECTS\\ecommerce\\models\\category.model.js","statementMap":{"0":{"start":{"line":7,"column":0},"end":{"line":33,"column":2}},"1":{"start":{"line":8,"column":21},"end":{"line":31,"column":6}},"2":{"start":{"line":32,"column":4},"end":{"line":32,"column":20}}},"fnMap":{"0":{"name":"(anonymous_0)","decl":{"start":{"line":7,"column":17},"end":{"line":7,"column":18}},"loc":{"start":{"line":7,"column":43},"end":{"line":33,"column":1}},"line":7}},"branchMap":{},"s":{"0":2,"1":2,"2":2},"f":{"0":2},"b":{},"_coverageSchema":"1a1c01bbd47fc00a2c39e90264f33305004495a9","hash":"37443e5a3d08861dc5c471cdc993191f196089f2"}
,"C:\\Users\\SAPTA-AI\\Desktop\\PROJECTS\\ecommerce\\models\\index.js": {"path":"C:\\Users\\SAPTA-AI\\Desktop\\PROJECTS\\ecommerce\\models\\index.js","statementMap":{"0":{"start":{"line":7,"column":18},"end":{"line":7,"column":38}},"1":{"start":{"line":8,"column":15},"end":{"line":8,"column":46}},"2":{"start":{"line":15,"column":18},"end":{"line":30,"column":1}},"3":{"start":{"line":36,"column":11},"end":{"line":36,"column":13}},"4":{"start":{"line":38,"column":0},"end":{"line":38,"column":25}},"5":{"start":{"line":39,"column":0},"end":{"line":39,"column":25}},"6":{"start":{"line":40,"column":23},"end":{"line":40,"column":50}},"7":{"start":{"line":41,"column":0},"end":{"line":41,"column":51}},"8":{"start":{"line":42,"column":22},"end":{"line":42,"column":48}},"9":{"start":{"line":43,"column":0},"end":{"line":43,"column":49}},"10":{"start":{"line":44,"column":13},"end":{"line":44,"column":36}},"11":{"start":{"line":45,"column":0},"end":{"line":45,"column":37}},"12":{"start":{"line":46,"column":13},"end":{"line":46,"column":36}},"13":{"start":{"line":47,"column":0},"end":{"line":47,"column":37}},"14":{"start":{"line":48,"column":13},"end":{"line":48,"column":36}},"15":{"start":{"line":49,"column":0},"end":{"line":49,"column":37}},"16":{"start":{"line":55,"column":0},"end":{"line":55,"column":32}},"17":{"start":{"line":62,"column":0},"end":{"line":66,"column":3}},"18":{"start":{"line":68,"column":0},"end":{"line":72,"column":3}},"19":{"start":{"line":81,"column":0},"end":{"line":81,"column":25}},"20":{"start":{"line":83,"column":0},"end":{"line":87,"column":3}},"21":{"start":{"line":89,"column":0},"end":{"line":93,"column":2}},"22":{"start":{"line":95,"column":0},"end":{"line":95,"column":20}}},"fnMap":{},"branchMap":{},"s":{"0":2,"1":2,"2":2,"3":2,"4":2,"5":2,"6":2,"7":2,"8":2,"9":2,"10":2,"11":2,"12":2,"13":2,"14":2,"15":2,"16":2,"17":2,"18":2,"19":2,"20":2,"21":2,"22":2},"f":{},"b":{},"_coverageSchema":"1a1c01bbd47fc00a2c39e90264f33305004495a9","hash":"b7cfb43a6afaf7ccf76bd6269785df29c1a93854"}
,"C:\\Users\\SAPTA-AI\\Desktop\\PROJECTS\\ecommerce\\models\\product.model.js": {"path":"C:\\Users\\SAPTA-AI\\Desktop\\PROJECTS\\ecommerce\\models\\product.model.js","statementMap":{"0":{"start":{"line":17,"column":0},"end":{"line":38,"column":1}},"1":{"start":{"line":18,"column":20},"end":{"line":35,"column":6}},"2":{"start":{"line":37,"column":4},"end":{"line":37,"column":19}}},"fnMap":{"0":{"name":"(anonymous_0)","decl":{"start":{"line":17,"column":17},"end":{"line":17,"column":18}},"loc":{"start":{"line":17,"column":43},"end":{"line":38,"column":1}},"line":17}},"branchMap":{},"s":{"0":2,"1":2,"2":2},"f":{"0":2},"b":{},"_coverageSchema":"1a1c01bbd47fc00a2c39e90264f33305004495a9","hash":"9e39d0e013c463e856a2a237142920bafda42780"}
,"C:\\Users\\SAPTA-AI\\Desktop\\PROJECTS\\ecommerce\\models\\role.model.js": {"path":"C:\\Users\\SAPTA-AI\\Desktop\\PROJECTS\\ecommerce\\models\\role.model.js","statementMap":{"0":{"start":{"line":6,"column":0},"end":{"line":19,"column":1}},"1":{"start":{"line":7,"column":17},"end":{"line":16,"column":6}},"2":{"start":{"line":18,"column":4},"end":{"line":18,"column":16}}},"fnMap":{"0":{"name":"(anonymous_0)","decl":{"start":{"line":6,"column":17},"end":{"line":6,"column":18}},"loc":{"start":{"line":6,"column":43},"end":{"line":19,"column":1}},"line":6}},"branchMap":{},"s":{"0":2,"1":2,"2":2},"f":{"0":2},"b":{},"_coverageSchema":"1a1c01bbd47fc00a2c39e90264f33305004495a9","hash":"02174daf637b2a7b9520afce4fd9bca83462f8c5"}
,"C:\\Users\\SAPTA-AI\\Desktop\\PROJECTS\\ecommerce\\models\\user.model.js": {"path":"C:\\Users\\SAPTA-AI\\Desktop\\PROJECTS\\ecommerce\\models\\user.model.js","statementMap":{"0":{"start":{"line":5,"column":0},"end":{"line":20,"column":1}},"1":{"start":{"line":6,"column":17},"end":{"line":17,"column":6}},"2":{"start":{"line":19,"column":4},"end":{"line":19,"column":16}}},"fnMap":{"0":{"name":"(anonymous_0)","decl":{"start":{"line":5,"column":17},"end":{"line":5,"column":18}},"loc":{"start":{"line":5,"column":43},"end":{"line":20,"column":1}},"line":5}},"branchMap":{},"s":{"0":2,"1":2,"2":2},"f":{"0":2},"b":{},"_coverageSchema":"1a1c01bbd47fc00a2c39e90264f33305004495a9","hash":"5fb1b01ffb4b0d5a72b66abf08220700fdc4954d"}
,"C:\\Users\\SAPTA-AI\\Desktop\\PROJECTS\\ecommerce\\tests\\unitTest\\interceptor.js": {"path":"C:\\Users\\SAPTA-AI\\Desktop\\PROJECTS\\ecommerce\\tests\\unitTest\\interceptor.js","statementMap":{"0":{"start":{"line":6,"column":0},"end":{"line":42,"column":1}},"1":{"start":{"line":12,"column":20},"end":{"line":12,"column":22}},"2":{"start":{"line":18,"column":8},"end":{"line":18,"column":50}},"3":{"start":{"line":19,"column":8},"end":{"line":19,"column":52}},"4":{"start":{"line":20,"column":8},"end":{"line":20,"column":51}},"5":{"start":{"line":22,"column":8},"end":{"line":22,"column":19}},"6":{"start":{"line":31,"column":20},"end":{"line":31,"column":22}},"7":{"start":{"line":36,"column":8},"end":{"line":36,"column":52}},"8":{"start":{"line":37,"column":8},"end":{"line":37,"column":50}},"9":{"start":{"line":39,"column":8},"end":{"line":39,"column":19}}},"fnMap":{"0":{"name":"(anonymous_0)","decl":{"start":{"line":11,"column":17},"end":{"line":11,"column":18}},"loc":{"start":{"line":11,"column":23},"end":{"line":23,"column":5}},"line":11},"1":{"name":"(anonymous_1)","decl":{"start":{"line":30,"column":18},"end":{"line":30,"column":19}},"loc":{"start":{"line":30,"column":24},"end":{"line":40,"column":5}},"line":30}},"branchMap":{},"s":{"0":2,"1":6,"2":6,"3":6,"4":6,"5":6,"6":6,"7":6,"8":6,"9":6},"f":{"0":6,"1":6},"b":{},"_coverageSchema":"1a1c01bbd47fc00a2c39e90264f33305004495a9","hash":"d08373523f736492445fd0c5fece20a645c9fbcd"}
}
