TN:
SF:configs\db.config.js
FNF:0
FNH:0
DA:5,2
LF:1
LH:1
BRF:0
BRH:0
end_of_record
TN:
SF:configs\secret.config.js
FNF:0
FNH:0
DA:1,1
LF:1
LH:1
BRF:0
BRH:0
end_of_record
TN:
SF:controllers\auth.controller.js
FN:23,(anonymous_0)
FN:33,(anonymous_1)
FN:49,(anonymous_2)
FN:52,(anonymous_3)
FN:59,(anonymous_4)
FN:87,(anonymous_5)
FN:95,(anonymous_6)
FN:108,(anonymous_7)
FN:115,(anonymous_8)
FN:150,(anonymous_9)
FN:164,(anonymous_10)
FNF:11
FNH:4
FNDA:1,(anonymous_0)
FNDA:1,(anonymous_1)
FNDA:1,(anonymous_2)
FNDA:1,(anonymous_3)
FNDA:0,(anonymous_4)
FNDA:0,(anonymous_5)
FNDA:0,(anonymous_6)
FNDA:0,(anonymous_7)
FNDA:0,(anonymous_8)
FNDA:0,(anonymous_9)
FNDA:0,(anonymous_10)
DA:5,1
DA:9,1
DA:11,1
DA:12,1
DA:14,1
DA:16,1
DA:18,1
DA:23,1
DA:26,1
DA:33,1
DA:34,1
DA:37,1
DA:42,1
DA:52,1
DA:53,1
DA:54,1
DA:60,0
DA:61,0
DA:87,0
DA:88,0
DA:90,0
DA:96,0
DA:97,0
DA:108,1
DA:111,0
DA:116,0
DA:117,0
DA:118,0
DA:121,0
DA:125,0
DA:130,0
DA:131,0
DA:135,0
DA:141,0
DA:149,0
DA:150,0
DA:152,0
DA:153,0
DA:155,0
DA:165,0
LF:40
LH:17
BRDA:37,0,0,1
BRDA:37,0,1,0
BRDA:117,1,0,0
BRDA:117,1,1,0
BRDA:130,2,0,0
BRDA:130,2,1,0
BRF:6
BRH:1
end_of_record
TN:
SF:controllers\category.controller.js
FN:14,(anonymous_0)
FN:27,(anonymous_1)
FN:30,(anonymous_2)
FN:41,(anonymous_3)
FN:74,(anonymous_4)
FN:76,(anonymous_5)
FN:89,(anonymous_6)
FN:92,(anonymous_7)
FN:94,(anonymous_8)
FN:108,(anonymous_9)
FN:129,(anonymous_10)
FN:133,(anonymous_11)
FN:135,(anonymous_12)
FN:141,(anonymous_13)
FN:152,(anonymous_14)
FN:159,(anonymous_15)
FN:163,(anonymous_16)
FNF:17
FNH:8
FNDA:2,(anonymous_0)
FNDA:1,(anonymous_1)
FNDA:1,(anonymous_2)
FNDA:2,(anonymous_3)
FNDA:2,(anonymous_4)
FNDA:0,(anonymous_5)
FNDA:0,(anonymous_6)
FNDA:0,(anonymous_7)
FNDA:0,(anonymous_8)
FNDA:1,(anonymous_9)
FNDA:1,(anonymous_10)
FNDA:1,(anonymous_11)
FNDA:0,(anonymous_12)
FNDA:0,(anonymous_13)
FNDA:0,(anonymous_14)
FNDA:0,(anonymous_15)
FNDA:0,(anonymous_16)
DA:11,1
DA:12,1
DA:14,1
DA:20,2
DA:27,2
DA:28,1
DA:29,1
DA:31,1
DA:32,1
DA:41,1
DA:56,2
DA:63,2
DA:64,2
DA:70,0
DA:74,2
DA:75,2
DA:77,0
DA:89,1
DA:90,0
DA:92,0
DA:93,0
DA:95,0
DA:108,1
DA:112,1
DA:120,1
DA:126,1
DA:133,1
DA:134,1
DA:136,0
DA:142,0
DA:152,1
DA:153,0
DA:155,0
DA:160,0
DA:164,0
LF:35
LH:23
BRDA:63,0,0,2
BRDA:63,0,1,0
BRF:2
BRH:1
end_of_record
TN:
SF:models\cart.model.js
FN:5,(anonymous_0)
FNF:1
FNH:1
FNDA:2,(anonymous_0)
DA:5,2
DA:7,2
DA:18,2
LF:3
LH:3
BRF:0
BRH:0
end_of_record
TN:
SF:models\category.model.js
FN:7,(anonymous_0)
FNF:1
FNH:1
FNDA:2,(anonymous_0)
DA:7,2
DA:8,2
DA:32,2
LF:3
LH:3
BRF:0
BRH:0
end_of_record
TN:
SF:models\index.js
FNF:0
FNH:0
DA:7,2
DA:8,2
DA:15,2
DA:36,2
DA:38,2
DA:39,2
DA:40,2
DA:41,2
DA:42,2
DA:43,2
DA:44,2
DA:45,2
DA:46,2
DA:47,2
DA:48,2
DA:49,2
DA:55,2
DA:62,2
DA:68,2
DA:81,2
DA:83,2
DA:89,2
DA:95,2
LF:23
LH:23
BRF:0
BRH:0
end_of_record
TN:
SF:models\product.model.js
FN:17,(anonymous_0)
FNF:1
FNH:1
FNDA:2,(anonymous_0)
DA:17,2
DA:18,2
DA:37,2
LF:3
LH:3
BRF:0
BRH:0
end_of_record
TN:
SF:models\role.model.js
FN:6,(anonymous_0)
FNF:1
FNH:1
FNDA:2,(anonymous_0)
DA:6,2
DA:7,2
DA:18,2
LF:3
LH:3
BRF:0
BRH:0
end_of_record
TN:
SF:models\user.model.js
FN:5,(anonymous_0)
FNF:1
FNH:1
FNDA:2,(anonymous_0)
DA:5,2
DA:6,2
DA:19,2
LF:3
LH:3
BRF:0
BRH:0
end_of_record
TN:
SF:tests\unitTest\interceptor.js
FN:11,(anonymous_0)
FN:30,(anonymous_1)
FNF:2
FNH:2
FNDA:6,(anonymous_0)
FNDA:6,(anonymous_1)
DA:6,2
DA:12,6
DA:18,6
DA:19,6
DA:20,6
DA:22,6
DA:31,6
DA:36,6
DA:37,6
DA:39,6
LF:10
LH:10
BRF:0
BRH:0
end_of_record
